Arguments: 
  C:\Program Files\nodejs\node.exe C:\Program Files (x86)\Yarn\bin\yarn.js add ts-node-dev

PATH: 
  C:\Python311\Scripts\;C:\Python311\;C:\WINDOWS\system32;C:\WINDOWS;C:\WINDOWS\System32\Wbem;C:\WINDOWS\System32\WindowsPowerShell\v1.0\;C:\WINDOWS\System32\OpenSSH\;C:\Program Files\dotnet\;C:\Program Files\Git\cmd;C:\ProgramData\chocolatey\bin;%NVM_HOME%;%NVM_SYMLINK%;C:\Program Files\nodejs\;C:\Program Files (x86)\Yarn\bin\;C:\Users\mehja\AppData\Local\Microsoft\WindowsApps;D:\Microsoft VS Code\bin;C:\Users\mehja\AppData\Roaming\nvm;C:\Program Files\nodejs;C:\Users\mehja\AppData\Roaming\npm;C:\Users\mehja\AppData\Local\Yarn\bin

Yarn version: 
  1.22.19

Node version: 
  18.16.0

Platform: 
  win32 x64

Trace: 
  Error: connect ETIMEDOUT 2606:4700::6810:1423:443
      at TCPConnectWrap.afterConnect [as oncomplete] (node:net:1494:16)

npm manifest: 
  {
    "name": "typescriptbasic",
    "version": "1.0.0",
    "description": "",
    "main": "index.js",
    "scripts": {
      "test": "echo \"Error: no test specified\" && exit 1"
    },
    "author": "",
    "license": "ISC",
    "dependencies": {
      "axios": "^1.2.3"
    }
  }

yarn manifest: 
  No manifest

Lockfile: 
  No lockfile
